{"level":"info","message":"Application : listen : listening on 7001"}
{"level":"info","message":"Application : listen : listening on 7001"}
{"level":"info","message":"Application : listen : listening on 7001"}
{"level":"info","message":"Application : listen : listening on 7001"}
{"level":"info","message":"Application : listen : listening on 7001"}
{"level":"info","message":"Application : listen : listening on 7001"}
{"level":"info","message":"Application : listen : listening on 7001"}
{"level":"info","message":"Application : listen : listening on 7001"}
{"level":"info","message":"Application : listen : listening on 7001"}
{"level":"info","message":"BaseController : _initRouters : registering Routes"}
{"level":"info","message":"RecordController : _initRouters : registering Routes"}
{"level":"info","message":"Application : listen : listening on 7001"}
{"level":"info","message":"Connected to mongo server."}
{"level":"info","message":"BaseController : _initRouters : registering Routes"}
{"level":"info","message":"RecordController : _initRouters : registering Routes"}
{"level":"info","message":"Application : listen : listening on 7001"}
{"level":"info","message":"Connected to mongo server."}
{"level":"info","message":"BaseController : _initRouters : registering Routes"}
{"level":"info","message":"RecordController : _initRouters : registering Routes"}
{"level":"info","message":"Application : listen : listening on 7001"}
{"level":"info","message":"Connected to mongo server."}
{"level":"info","message":"BaseController : _initRouters : registering Routes"}
{"level":"info","message":"RecordController : _initRouters : registering Routes"}
{"level":"info","message":"Application : listen : listening on 7001"}
{"level":"info","message":"Connected to mongo server."}
{"level":"info","message":"BaseController : _initRouters : registering Routes"}
{"level":"info","message":"RecordController : _initRouters : registering Routes"}
{"level":"info","message":"Application : listen : listening on 7001"}
{"level":"info","message":"Connected to mongo server."}
{"level":"info","message":"BaseController : _initRouters : registering Routes"}
{"level":"info","message":"RecordController : _initRouters : registering Routes"}
{"level":"info","message":"Application : listen : listening on 7001"}
{"level":"info","message":"Connected to mongo server."}
{"level":"info","message":"BaseController : _initRouters : registering Routes"}
{"level":"info","message":"RecordController : _initRouters : registering Routes"}
{"level":"info","message":"Application : listen : listening on 7001"}
{"level":"info","message":"Connected to mongo server."}
{"level":"info","message":"RecordService : listRecords : methodcall"}
{"level":"info","message":"BaseController : _initRouters : registering Routes"}
{"level":"info","message":"RecordController : _initRouters : registering Routes"}
{"level":"info","message":"Application : listen : listening on 7001"}
{"level":"info","message":"Connected to mongo server."}
{"level":"info","message":"BaseController : _initRouters : registering Routes"}
{"level":"info","message":"RecordController : _initRouters : registering Routes"}
{"level":"info","message":"Application : listen : listening on 7001"}
{"level":"info","message":"Connected to mongo server."}
{"level":"info","message":"BaseController : _initRouters : registering Routes"}
{"level":"info","message":"RecordController : _initRouters : registering Routes"}
{"level":"info","message":"Application : listen : listening on 7001"}
{"level":"info","message":"Connected to mongo server."}
{"level":"info","message":"RecordService : listRecords : methodcall"}
{"level":"error","message":"ErrorHandler : error : MongoError: Unrecognized pipeline stage name: '$matchs'"}
{"level":"info","message":"BaseController : _initRouters : registering Routes"}
{"level":"info","message":"RecordController : _initRouters : registering Routes"}
{"level":"info","message":"Application : listen : listening on 7001"}
{"level":"info","message":"Connected to mongo server."}
{"level":"info","message":"BaseController : _initRouters : registering Routes"}
{"level":"info","message":"RecordController : _initRouters : registering Routes"}
{"level":"info","message":"Application : listen : listening on 7001"}
{"level":"info","message":"Connected to mongo server."}
{"level":"info","message":"BaseController : _initRouters : registering Routes"}
{"level":"info","message":"RecordController : _initRouters : registering Routes"}
{"level":"info","message":"Application : listen : listening on 7001"}
{"level":"info","message":"Connected to mongo server."}
{"level":"info","message":"BaseController : _initRouters : registering Routes"}
{"level":"info","message":"RecordController : _initRouters : registering Routes"}
{"level":"info","message":"Application : listen : listening on 7001"}
{"level":"info","message":"RecordService : listRecords : methodcall"}
{"level":"info","message":"Connected to mongo server."}
{"level":"error","message":"ErrorHandler : error : MongoError: Unrecognized pipeline stage name: '$matchs'"}
{"level":"info","message":"BaseController : _initRouters : registering Routes"}
{"level":"info","message":"RecordController : _initRouters : registering Routes"}
{"level":"info","message":"Application : listen : listening on 7001"}
{"level":"info","message":"Connected to mongo server."}
{"level":"error","message":"ErrorHandler : error : Error"}
{"level":"info","message":"BaseController : _initRouters : registering Routes"}
{"level":"info","message":"RecordController : _initRouters : registering Routes"}
{"level":"info","message":"Application : listen : listening on 7001"}
{"level":"info","message":"Connected to mongo server."}
{"level":"error","message":"ErrorHandler : error : Error\n    at /Users/anilkumarmoharana/Documents/repo/getir-task-util/src/middlewares/NotFound.js:5:8\n    at Layer.handle [as handle_request] (/Users/anilkumarmoharana/Documents/repo/getir-task-util/node_modules/express/lib/router/layer.js:95:5)\n    at trim_prefix (/Users/anilkumarmoharana/Documents/repo/getir-task-util/node_modules/express/lib/router/index.js:323:13)\n    at /Users/anilkumarmoharana/Documents/repo/getir-task-util/node_modules/express/lib/router/index.js:284:7\n    at Function.process_params (/Users/anilkumarmoharana/Documents/repo/getir-task-util/node_modules/express/lib/router/index.js:341:12)\n    at Immediate.next (/Users/anilkumarmoharana/Documents/repo/getir-task-util/node_modules/express/lib/router/index.js:275:10)\n    at Immediate._onImmediate (/Users/anilkumarmoharana/Documents/repo/getir-task-util/node_modules/express/lib/router/index.js:641:15)\n    at processImmediate (internal/timers.js:463:21)"}
{"level":"info","message":"BaseController : _initRouters : registering Routes"}
{"level":"info","message":"RecordController : _initRouters : registering Routes"}
{"level":"info","message":"Application : listen : listening on 7001"}
{"level":"info","message":"BaseController : _initRouters : registering Routes"}
{"level":"info","message":"RecordController : _initRouters : registering Routes"}
{"level":"info","message":"Application : listen : listening on 7001"}
{"level":"info","message":"Connected to mongo server."}
{"level":"info","message":"BaseController : _initRouters : registering Routes"}
{"level":"info","message":"RecordController : _initRouters : registering Routes"}
{"level":"info","message":"Application : listen : listening on 7001"}
{"level":"info","message":"Connected to mongo server."}
{"level":"info","message":"BaseController : _initRouters : registering Routes"}
{"level":"info","message":"RecordController : _initRouters : registering Routes"}
{"level":"info","message":"Application : listen : listening on 7001"}
{"level":"info","message":"Connected to mongo server."}
{"level":"info","message":"BaseController : _initRouters : registering Routes"}
{"level":"info","message":"RecordController : _initRouters : registering Routes"}
{"level":"info","message":"Application : listen : listening on 7001"}
{"level":"info","message":"Connected to mongo server."}
{"level":"info","message":"BaseController : _initRouters : registering Routes"}
{"level":"info","message":"RecordController : _initRouters : registering Routes"}
{"level":"info","message":"Application : listen : listening on 7001"}
{"level":"error","message":"ErrorHandler : error : 404 Url Not Found"}
{"level":"info","message":"Connected to mongo server."}
{"level":"info","message":"BaseController : _initRouters : registering Routes"}
{"level":"info","message":"RecordController : _initRouters : registering Routes"}
{"level":"info","message":"Application : listen : listening on 7001"}
{"level":"info","message":"BaseController : _initRouters : registering Routes"}
{"level":"info","message":"RecordController : _initRouters : registering Routes"}
{"level":"info","message":"Application : listen : listening on 7001"}
{"level":"info","message":"BaseController : _initRouters : registering Routes"}
{"level":"info","message":"RecordController : _initRouters : registering Routes"}
{"level":"info","message":"Application : listen : listening on 7001"}
{"level":"info","message":"Connected to mongo server."}
{"level":"error","message":"ErrorHandler : error : 404 Url Not Found"}
{"level":"info","message":"BaseController : _initRouters : registering Routes"}
{"level":"info","message":"RecordController : _initRouters : registering Routes"}
{"level":"info","message":"Application : listen : listening on 7001"}
{"level":"info","message":"Connected to mongo server."}
